<?xml version="1.0" encoding="UTF-8"?>
<!-- Generated by org.testng.reporters.JUnitReportReporter -->
<testsuite hostname="tutkus-Air.fritz.box" failures="0" tests="4" name="com.linkedin.test.AddSkillTest" time="109.976" errors="0" timestamp="2021-02-04T16:24:41 CET" skipped="0">
  <testcase classname="com.linkedin.test.AddSkillTest" name="loginToLinkedinWithExistAccount" time="18.637"/>
  <system-out/>
  <testcase classname="com.linkedin.test.AddSkillTest" name="navigationToProfile" time="24.247"/>
  <system-out/>
  <testcase classname="com.linkedin.test.AddSkillTest" name="scrollDownToAddSkillArea" time="29.581"/>
  <system-out/>
  <testcase classname="com.linkedin.test.AddSkillTest" name="addingSkill" time="37.511"/>
  <system-out/>
</testsuite> <!-- com.linkedin.test.AddSkillTest -->
