<?xml version="1.0" encoding="UTF-8"?>
<!-- Generated by org.testng.reporters.JUnitReportReporter -->
<testsuite hostname="tutkus-Air.fritz.box" failures="0" tests="2" name="com.linkedin.test.AddSkillTest" time="25.528" errors="0" timestamp="2021-02-04T00:10:30 CET" skipped="0">
  <testcase classname="com.linkedin.test.AddSkillTest" name="loginToLinkedinWithExistAccount" time="11.885"/>
  <system-out/>
  <testcase classname="com.linkedin.test.AddSkillTest" name="navigationToProfile" time="13.643"/>
  <system-out/>
</testsuite> <!-- com.linkedin.test.AddSkillTest -->
